
Showing logs for build [32mcb-kubecd-bdd-gh-1595795771-mas-n4fqx-1[0m stage [32mfrom-build-pack[0m and container [32mstep-credential-initializer-7pd6d[0m
{"level":"info","ts":1595796245.0767672,"logger":"fallback-logger","caller":"logging/config.go:69","msg":"Fetch GitHub commit ID from kodata failed: open /var/run/ko/refs/heads/0.8.0-ns-support: no such file or directory"}
{"level":"info","ts":1595796245.0813577,"logger":"fallback-logger","caller":"creds-init/main.go:40","msg":"Credentials initialized."}

Showing logs for build [32mcb-kubecd-bdd-gh-1595795771-mas-n4fqx-1[0m stage [32mfrom-build-pack[0m and container [32mstep-working-dir-initializer-d8vtl[0m
{"level":"info","ts":1595796246.05848,"logger":"fallback-logger","caller":"logging/config.go:69","msg":"Fetch GitHub commit ID from kodata failed: open /var/run/ko/HEAD: no such file or directory"}
{"level":"info","ts":1595796246.0617218,"logger":"fallback-logger","caller":"bash/main.go:64","msg":"Successfully executed command \"sh -c mkdir -p /workspace/source\"; output "}

Showing logs for build [32mcb-kubecd-bdd-gh-1595795771-mas-n4fqx-1[0m stage [32mfrom-build-pack[0m and container [32mstep-place-tools[0m

Showing logs for build [32mcb-kubecd-bdd-gh-1595795771-mas-n4fqx-1[0m stage [32mfrom-build-pack[0m and container [32mstep-git-source-cb-kubecd-bdd-gh-1595795771-mas-n4fqx-mtsv7[0m
{"level":"info","ts":1595796273.2670116,"logger":"fallback-logger","caller":"logging/config.go:69","msg":"Fetch GitHub commit ID from kodata failed: open /var/run/ko/refs/heads/0.8.0-ns-support: no such file or directory"}
{"level":"info","ts":1595796274.3687444,"logger":"fallback-logger","caller":"git/git.go:103","msg":"Successfully cloned https://github.com/cb-kubecd/bdd-gh-1595795771.git @ v0.0.2 in path /workspace/source"}

Showing logs for build [32mcb-kubecd-bdd-gh-1595795771-mas-n4fqx-1[0m stage [32mfrom-build-pack[0m and container [32mstep-setup-builder-home[0m

Showing logs for build [32mcb-kubecd-bdd-gh-1595795771-mas-n4fqx-1[0m stage [32mfrom-build-pack[0m and container [32mstep-git-merge[0m
Using SHAs from PULL_REFS=master:
WARNING: no SHAs to merge, falling back to initial cloned commit

Showing logs for build [32mcb-kubecd-bdd-gh-1595795771-mas-n4fqx-1[0m stage [32mfrom-build-pack[0m and container [32mstep-setup-jx-git-credentials[0m
Generated Git credentials file /workspace/xdg_config/git/credentials

Showing logs for build [32mcb-kubecd-bdd-gh-1595795771-mas-n4fqx-1[0m stage [32mfrom-build-pack[0m and container [32mstep-build-make-build[0m
CGO_ENABLED=0 GO15VENDOREXPERIMENT=1 go build -ldflags '' -o bin/bdd-gh-1595795771 main.go

Showing logs for build [32mcb-kubecd-bdd-gh-1595795771-mas-n4fqx-1[0m stage [32mfrom-build-pack[0m and container [32mstep-build-container-build[0m
ERROR: logging before flag.Parse: E0726 20:44:40.225200      11 metadata.go:241] Failed to unmarshal scopes: json: cannot unmarshal string into Go value of type []string
[36mINFO[0m[0000] Resolved base name scratch to scratch        
[36mINFO[0m[0000] Using dockerignore file: /workspace/source/.dockerignore 
[36mINFO[0m[0000] Resolved base name scratch to scratch        
[36mINFO[0m[0000] Built cross stage deps: map[]                
[36mINFO[0m[0000] No base image, nothing to extract            
[36mINFO[0m[0000] cmd: EXPOSE                                  
[36mINFO[0m[0000] Adding exposed port: 8080/tcp                
[36mINFO[0m[0000] Checking for cached layer gcr.io/jenkins-x-labs-bdd/cache:37eaa046a852eb1329858178f6304387a477a53b5b79ab5980af6c8e287dd4af... 
[36mINFO[0m[0000] No cached layer found for cmd COPY ./bin/ /  
[36mINFO[0m[0000] Unpacking rootfs as cmd COPY ./bin/ / requires it. 
[36mINFO[0m[0000] Taking snapshot of full filesystem...        
[36mINFO[0m[0001] Resolving paths                              
[36mINFO[0m[0001] EXPOSE 8080                                  
[36mINFO[0m[0001] cmd: EXPOSE                                  
[36mINFO[0m[0001] Adding exposed port: 8080/tcp                
[36mINFO[0m[0001] No files changed in this command, skipping snapshotting. 
[36mINFO[0m[0001] ENTRYPOINT ["/bdd-gh-1595795771"]            
[36mINFO[0m[0001] No files changed in this command, skipping snapshotting. 
[36mINFO[0m[0001] COPY ./bin/ /                                
[36mINFO[0m[0001] Resolving paths                              
[36mINFO[0m[0001] Taking snapshot of files...                  
[36mINFO[0m[0001] Pushing layer gcr.io/jenkins-x-labs-bdd/cache:37eaa046a852eb1329858178f6304387a477a53b5b79ab5980af6c8e287dd4af to cache now 

Showing logs for build [32mcb-kubecd-bdd-gh-1595795771-mas-n4fqx-1[0m stage [32mfrom-build-pack[0m and container [32mstep-promote-changelog[0m
Converted /workspace/source/charts/bdd-gh-1595795771 to an unshallow repository
Generating change log from git ref a520af7910d40e42e4a831eb46cc8760073d7648 => 55bf568f3e080f840ce9dbb750eb851751d03d99
Associating user x-0 in users.jenkins.io with email jenkins-x@googlegroups.com to git GitProvider user with login -0 as emails match
Adding label jenkins.io/git-github-userid=-0 to user x-0 in users.jenkins.io
WARNING: Failed to enrich commit db3d3833a73e1d24366bb9753ff33a83e35ce8e9 with issues: User.jenkins.io "x-0" is invalid: metadata.labels: Invalid value: "-0": a valid label must be an empty string or consist of alphanumeric characters, '-', '_' or '.', and must start and end with an alphanumeric character (e.g. 'MyValue',  or 'my_value',  or '12345', regex used for validation is '(([A-Za-z0-9][-A-Za-z0-9_.]*)?[A-Za-z0-9])?')
Finding issues in commit messages using git format
WARNING: No release found for cb-kubecd/bdd-gh-1595795771 and tag v0.0.2 so creating a new release
Updated the release information at https://github.com/cb-kubecd/bdd-gh-1595795771/releases/tag/v0.0.2
generated: /workspace/source/charts/bdd-gh-1595795771/templates/release.yaml
Created Release bdd-gh-1595795771-0-0-2 resource in namespace **
Updating PipelineActivity cb-kubecd-bdd-gh-1595795771-master-1 with version 0.0.2
Updated PipelineActivities cb-kubecd-bdd-gh-1595795771-master-1 with release notes URL: https://github.com/cb-kubecd/bdd-gh-1595795771/releases/tag/v0.0.2

Showing logs for build [32mcb-kubecd-bdd-gh-1595795771-mas-n4fqx-1[0m stage [32mfrom-build-pack[0m and container [32mstep-promote-helm-release[0m
WARNING: No $CHART_REPOSITORY defined so using the default value of: http://jenkins-x-chartmuseum:8080
Adding missing Helm repo: storage.googleapis.com https://storage.googleapis.com/chartmuseum.jenkins-x.io
Successfully added Helm repository storage.googleapis.com.
Adding missing Helm repo: jenkins-x-chartmuseum http://jenkins-x-chartmuseum:8080
Successfully added Helm repository jenkins-x-chartmuseum.
WARNING: No $CHART_REPOSITORY defined so using the default value of: http://jenkins-x-chartmuseum:8080
Uploading chart file bdd-gh-1595795771-0.0.2.tgz to http://jenkins-x-chartmuseum:8080/api/charts
Received 201 response: {"saved":true}

Showing logs for build [32mcb-kubecd-bdd-gh-1595795771-mas-n4fqx-1[0m stage [32mfrom-build-pack[0m and container [32mstep-promote-jx-promote[0m
defaulting to the version 0.0.2 from $VERSION
loading version stream URL https://github.com/jenkins-x/**r-versions.git ref 0ad5921d9e5c27ff47befcf6f3629119000189df
checking out ref 0ad5921d9e5c27ff47befcf6f3629119000189df
error: failed to lazy load the EnvironmentContext: failed to create VersionResolver: failed to clone URL https://github.com/jenkins-x/**r-versions.git: failed to checkout ref 0ad5921d9e5c27ff47befcf6f3629119000189df in repository https://github.com/jenkins-x/**r-versions.git: failed to clone ref 0ad5921d9e5c27ff47befcf6f3629119000189df: git output: fatal: reference is not a tree: 0ad5921d9e5c27ff47befcf6f3629119000189df: failed to run 'git checkout 0ad5921d9e5c27ff47befcf6f3629119000189df' command in directory '/tmp/**-promote-313264946', output: 'fatal: reference is not a tree: 0ad5921d9e5c27ff47befcf6f3629119000189df'
[31m
Pipeline failed on stage 'from-build-pack' : container 'step-promote-jx-promote'. The execution of the pipeline has stopped.[0m
